#
# A fatal error has been detected by the Java Runtime Environment:
#
#  EXCEPTION_ACCESS_VIOLATION (0xc0000005) at pc=0x532c54bb, pid=14748, tid=9108
#
# JRE version: Java(TM) SE Runtime Environment (7.0_79-b15) (build 1.7.0_79-b15)
# Java VM: Java HotSpot(TM) Client VM (24.79-b02 mixed mode, sharing windows-x86 )
# Problematic frame:
# V  [jvm.dll+0xc54bb]
#
# Failed to write core dump. Minidumps are not enabled by default on client versions of Windows
#
# If you would like to submit a bug report, please visit:
#   http://bugreport.java.com/bugreport/crash.jsp
#

---------------  T H R E A D  ---------------

Current thread (0x00c9cc00):  JavaThread "main" [_thread_in_vm, id=9108, stack(0x00740000,0x00790000)]

siginfo: ExceptionCode=0xc0000005, reading address 0x00000000

Registers:
EAX=0x00000000, EBX=0x00c9cc00, ECX=0x00000000, EDX=0x00000001
ESP=0x0078dae4, EBP=0x0078db00, ESI=0x00c9cd30, EDI=0x00c9cc00
EIP=0x532c54bb, EFLAGS=0x00010246

Top of Stack: (sp=0x0078dae4)
0x0078dae4:   00c9cd30 00000000 00c9cc00 00c9cc00
0x0078daf4:   00000000 00000000 00c9cc00 0078db68
0x0078db04:   50f0a7c8 00c9cd30 00000000 00000079
0x0078db14:   00c9cc00 0078db68 50f0a79d 00000001
0x0078db24:   0000000f 00780049 022525b0 0078db48
0x0078db34:   50f04c50 00000001 0000000f 00c9cc00
0x0078db44:   29b50c78 00c9cc00 00c9cd30 00c9cc00
0x0078db54:   00c9cc00 000002bc 0078dbbc 00343031 

Instructions: (pc=0x532c54bb)
0x532c549b:   f3 ff 83 c4 08 83 7f 04 00 89 7d f0 c7 45 f4 00
0x532c54ab:   00 00 00 74 08 8d 4d f0 e8 a8 a6 0c 00 8b 45 0c
0x532c54bb:   8b 08 8b 51 04 8b 42 40 50 56 e8 26 df 07 00 83
0x532c54cb:   c4 08 83 7d f4 00 89 45 08 74 08 8d 4d f0 e8 c2 


Register to memory mapping:

EAX=0x00000000 is an unknown value
EBX=0x00c9cc00 is a thread
ECX=0x00000000 is an unknown value
EDX=0x00000001 is an unknown value
ESP=0x0078dae4 is pointing into the stack for thread: 0x00c9cc00
EBP=0x0078db00 is pointing into the stack for thread: 0x00c9cc00
ESI=0x00c9cd30 is an unknown value
EDI=0x00c9cc00 is a thread


Stack: [0x00740000,0x00790000],  sp=0x0078dae4,  free space=310k
Native frames: (J=compiled Java code, j=interpreted, Vv=VM code, C=native code)
V  [jvm.dll+0xc54bb]
C  [bwapi_bridge2_5.dll+0x2a7c8]
J 92  bwapi.Game.drawCircleMap_native(JLbwapi/Position;ILbwapi/Color;Z)V (0 bytes) @ 0x0225f7dc [0x0225f710+0xcc]
J 78 C1 EphBot.debugDraw()V (810 bytes) @ 0x022592c8 [0x022589c0+0x908]
j  EphBot.onFrame()V+1
j  bwapi.AIModule.onFrame()V+11
v  ~StubRoutines::call_stub
V  [jvm.dll+0x14234a]
V  [jvm.dll+0x206ebe]
V  [jvm.dll+0x1423cd]
V  [jvm.dll+0xcb5c2]
V  [jvm.dll+0xcf213]
C  [bwapi_bridge2_5.dll+0x1b20d]
C  [bwapi_bridge2_5.dll+0x75101]
j  bwapi.Mirror.startGame()V+0
j  EphBot.run()V+19
j  EphBot.main([Ljava/lang/String;)V+7
v  ~StubRoutines::call_stub
V  [jvm.dll+0x14234a]
V  [jvm.dll+0x206ebe]
V  [jvm.dll+0x1423cd]
V  [jvm.dll+0x14e6be]
V  [jvm.dll+0x14e8e5]
V  [jvm.dll+0xf2ec9]
C  [java.dll+0x7d8b]
j  sun.reflect.NativeMethodAccessorImpl.invoke(Ljava/lang/Object;[Ljava/lang/Object;)Ljava/lang/Object;+87
j  sun.reflect.DelegatingMethodAccessorImpl.invoke(Ljava/lang/Object;[Ljava/lang/Object;)Ljava/lang/Object;+6
j  java.lang.reflect.Method.invoke(Ljava/lang/Object;[Ljava/lang/Object;)Ljava/lang/Object;+57
j  com.intellij.rt.execution.application.AppMain.main([Ljava/lang/String;)V+180
v  ~StubRoutines::call_stub
V  [jvm.dll+0x14234a]
V  [jvm.dll+0x206ebe]
V  [jvm.dll+0x1423cd]
V  [jvm.dll+0xcb345]
V  [jvm.dll+0xd5ff7]
C  [java.exe+0x2063]
C  [java.exe+0xa601]
C  [java.exe+0xa68b]
C  [KERNEL32.DLL+0x138f4]
C  [ntdll.dll+0x65de3]
C  [ntdll.dll+0x65dae]

Java frames: (J=compiled Java code, j=interpreted, Vv=VM code)
J 92  bwapi.Game.drawCircleMap_native(JLbwapi/Position;ILbwapi/Color;Z)V (0 bytes) @ 0x0225f798 [0x0225f710+0x88]
J 78 C1 EphBot.debugDraw()V (810 bytes) @ 0x022592c8 [0x022589c0+0x908]
j  EphBot.onFrame()V+1
j  bwapi.AIModule.onFrame()V+11
v  ~StubRoutines::call_stub
j  bwapi.Mirror.startGame()V+0
j  EphBot.run()V+19
j  EphBot.main([Ljava/lang/String;)V+7
v  ~StubRoutines::call_stub
j  sun.reflect.NativeMethodAccessorImpl.invoke0(Ljava/lang/reflect/Method;Ljava/lang/Object;[Ljava/lang/Object;)Ljava/lang/Object;+0
j  sun.reflect.NativeMethodAccessorImpl.invoke(Ljava/lang/Object;[Ljava/lang/Object;)Ljava/lang/Object;+87
j  sun.reflect.DelegatingMethodAccessorImpl.invoke(Ljava/lang/Object;[Ljava/lang/Object;)Ljava/lang/Object;+6
j  java.lang.reflect.Method.invoke(Ljava/lang/Object;[Ljava/lang/Object;)Ljava/lang/Object;+57
j  com.intellij.rt.execution.application.AppMain.main([Ljava/lang/String;)V+180
v  ~StubRoutines::call_stub

---------------  P R O C E S S  ---------------

Java Threads: ( => current thread )
  0x046f6400 JavaThread "Monitor Ctrl-Break" daemon [_thread_in_native, id=11460, stack(0x049f0000,0x04a40000)]
  0x00c34800 JavaThread "Service Thread" daemon [_thread_blocked, id=12604, stack(0x045d0000,0x04620000)]
  0x00c24400 JavaThread "C1 CompilerThread0" daemon [_thread_blocked, id=2420, stack(0x04540000,0x04590000)]
  0x00c22800 JavaThread "Attach Listener" daemon [_thread_blocked, id=17312, stack(0x044b0000,0x04500000)]
  0x00bb8000 JavaThread "Signal Dispatcher" daemon [_thread_blocked, id=14576, stack(0x04420000,0x04470000)]
  0x00bb1800 JavaThread "Finalizer" daemon [_thread_blocked, id=19484, stack(0x04370000,0x043c0000)]
  0x00bb0000 JavaThread "Reference Handler" daemon [_thread_blocked, id=2096, stack(0x042e0000,0x04330000)]
=>0x00c9cc00 JavaThread "main" [_thread_in_vm, id=9108, stack(0x00740000,0x00790000)]

Other Threads:
  0x00bae400 VMThread [stack: 0x04250000,0x042a0000] [id=10972]
  0x00c4b000 WatcherThread [stack: 0x04660000,0x046b0000] [id=12012]

VM state:not at safepoint (normal execution)

VM Mutex/Monitor currently owned by a thread: None

Heap
 def new generation   total 4928K, used 1154K [0x24600000, 0x24b50000, 0x29b50000)
  eden space 4416K,  26% used [0x24600000, 0x24720568, 0x24a50000)
  from space 512K,   0% used [0x24ad0000, 0x24ad0448, 0x24b50000)
  to   space 512K,   0% used [0x24a50000, 0x24a50000, 0x24ad0000)
 tenured generation   total 10944K, used 290K [0x29b50000, 0x2a600000, 0x34600000)
   the space 10944K,   2% used [0x29b50000, 0x29b98b58, 0x29b98c00, 0x2a600000)
 compacting perm gen  total 12288K, used 624K [0x34600000, 0x35200000, 0x38600000)
   the space 12288K,   5% used [0x34600000, 0x3469c310, 0x3469c400, 0x35200000)
    ro space 10240K,  44% used [0x38600000, 0x38a7c1d8, 0x38a7c200, 0x39000000)
    rw space 12288K,  52% used [0x39000000, 0x396440c0, 0x39644200, 0x39c00000)

Card table byte_map: [0x00ca0000,0x00d50000] byte_map_base: 0x00b7d000

Polling page: 0x004f0000

Code Cache  [0x021b0000, 0x02268000, 0x041b0000)
 total_blobs=245 nmethods=107 adapters=75 free_code_cache=32051Kb largest_free_block=32820800

Compilation events (10 events):
Event: 35.688 Thread 0x00c24400  103             java.util.Arrays::copyOf (47 bytes)
Event: 35.689 Thread 0x00c24400 nmethod 103 0x02261d48 code [0x02261e70, 0x02262114]
Event: 35.893 Thread 0x00c24400  104             java.util.Arrays::copyOf (13 bytes)
Event: 35.893 Thread 0x00c24400 nmethod 104 0x02262248 code [0x02262340, 0x022623cc]
Event: 35.985 Thread 0x00c24400  105             java.util.ArrayList::grow (45 bytes)
Event: 35.986 Thread 0x00c24400 nmethod 105 0x02262448 code [0x02262560, 0x022626c8]
Event: 36.485 Thread 0x00c24400  106             java.lang.AbstractStringBuilder::append (191 bytes)
Event: 36.485 Thread 0x00c24400 nmethod 106 0x02262808 code [0x02262930, 0x02262b88]
Event: 36.485 Thread 0x00c24400  107             EphBot::isEnemyVisible (43 bytes)
Event: 36.486 Thread 0x00c24400 nmethod 107 0x02262e08 code [0x02262f40, 0x02263090]

GC Heap History (10 events):
Event: 25.813 GC heap before
{Heap before GC invocations=2 (full 0):
 def new generation   total 4928K, used 4416K [0x24600000, 0x24b50000, 0x29b50000)
  eden space 4416K, 100% used [0x24600000, 0x24a50000, 0x24a50000)
  from space 512K,   0% used [0x24a50000, 0x24a500f8, 0x24ad0000)
  to   space 512K,   0% used [0x24ad0000, 0x24ad0000, 0x24b50000)
 tenured generation   total 10944K, used 290K [0x29b50000, 0x2a600000, 0x34600000)
   the space 10944K,   2% used [0x29b50000, 0x29b98b58, 0x29b98c00, 0x2a600000)
 compacting perm gen  total 12288K, used 624K [0x34600000, 0x35200000, 0x38600000)
   the space 12288K,   5% used [0x34600000, 0x3469c300, 0x3469c400, 0x35200000)
    ro space 10240K,  44% used [0x38600000, 0x38a7c1d8, 0x38a7c200, 0x39000000)
    rw space 12288K,  52% used [0x39000000, 0x396440c0, 0x39644200, 0x39c00000)
Event: 25.814 GC heap after
Heap after GC invocations=3 (full 0):
 def new generation   total 4928K, used 0K [0x24600000, 0x24b50000, 0x29b50000)
  eden space 4416K,   0% used [0x24600000, 0x24600000, 0x24a50000)
  from space 512K,   0% used [0x24ad0000, 0x24ad0110, 0x24b50000)
  to   space 512K,   0% used [0x24a50000, 0x24a50000, 0x24ad0000)
 tenured generation   total 10944K, used 290K [0x29b50000, 0x2a600000, 0x34600000)
   the space 10944K,   2% used [0x29b50000, 0x29b98b58, 0x29b98c00, 0x2a600000)
 compacting perm gen  total 12288K, used 624K [0x34600000, 0x35200000, 0x38600000)
   the space 12288K,   5% used [0x34600000, 0x3469c300, 0x3469c400, 0x35200000)
    ro space 10240K,  44% used [0x38600000, 0x38a7c1d8, 0x38a7c200, 0x39000000)
    rw space 12288K,  52% used [0x39000000, 0x396440c0, 0x39644200, 0x39c00000)
}
Event: 33.595 GC heap before
{Heap before GC invocations=3 (full 0):
 def new generation   total 4928K, used 4416K [0x24600000, 0x24b50000, 0x29b50000)
  eden space 4416K, 100% used [0x24600000, 0x24a50000, 0x24a50000)
  from space 512K,   0% used [0x24ad0000, 0x24ad0110, 0x24b50000)
  to   space 512K,   0% used [0x24a50000, 0x24a50000, 0x24ad0000)
 tenured generation   total 10944K, used 290K [0x29b50000, 0x2a600000, 0x34600000)
   the space 10944K,   2% used [0x29b50000, 0x29b98b58, 0x29b98c00, 0x2a600000)
 compacting perm gen  total 12288K, used 624K [0x34600000, 0x35200000, 0x38600000)
   the space 12288K,   5% used [0x34600000, 0x3469c300, 0x3469c400, 0x35200000)
    ro space 10240K,  44% used [0x38600000, 0x38a7c1d8, 0x38a7c200, 0x39000000)
    rw space 12288K,  52% used [0x39000000, 0x396440c0, 0x39644200, 0x39c00000)
Event: 33.595 GC heap after
Heap after GC invocations=4 (full 0):
 def new generation   total 4928K, used 0K [0x24600000, 0x24b50000, 0x29b50000)
  eden space 4416K,   0% used [0x24600000, 0x24600000, 0x24a50000)
  from space 512K,   0% used [0x24a50000, 0x24a500b8, 0x24ad0000)
  to   space 512K,   0% used [0x24ad0000, 0x24ad0000, 0x24b50000)
 tenured generation   total 10944K, used 290K [0x29b50000, 0x2a600000, 0x34600000)
   the space 10944K,   2% used [0x29b50000, 0x29b98b58, 0x29b98c00, 0x2a600000)
 compacting perm gen  total 12288K, used 624K [0x34600000, 0x35200000, 0x38600000)
   the space 12288K,   5% used [0x34600000, 0x3469c300, 0x3469c400, 0x35200000)
    ro space 10240K,  44% used [0x38600000, 0x38a7c1d8, 0x38a7c200, 0x39000000)
    rw space 12288K,  52% used [0x39000000, 0x396440c0, 0x39644200, 0x39c00000)
}
Event: 41.688 GC heap before
{Heap before GC invocations=4 (full 0):
 def new generation   total 4928K, used 4416K [0x24600000, 0x24b50000, 0x29b50000)
  eden space 4416K, 100% used [0x24600000, 0x24a50000, 0x24a50000)
  from space 512K,   0% used [0x24a50000, 0x24a500b8, 0x24ad0000)
  to   space 512K,   0% used [0x24ad0000, 0x24ad0000, 0x24b50000)
 tenured generation   total 10944K, used 290K [0x29b50000, 0x2a600000, 0x34600000)
   the space 10944K,   2% used [0x29b50000, 0x29b98b58, 0x29b98c00, 0x2a600000)
 compacting perm gen  total 12288K, used 624K [0x34600000, 0x35200000, 0x38600000)
   the space 12288K,   5% used [0x34600000, 0x3469c300, 0x3469c400, 0x35200000)
    ro space 10240K,  44% used [0x38600000, 0x38a7c1d8, 0x38a7c200, 0x39000000)
    rw space 12288K,  52% used [0x39000000, 0x396440c0, 0x39644200, 0x39c00000)
Event: 41.689 GC heap after
Heap after GC invocations=5 (full 0):
 def new generation   total 4928K, used 0K [0x24600000, 0x24b50000, 0x29b50000)
  eden space 4416K,   0% used [0x24600000, 0x24600000, 0x24a50000)
  from space 512K,   0% used [0x24ad0000, 0x24ad00f8, 0x24b50000)
  to   space 512K,   0% used [0x24a50000, 0x24a50000, 0x24ad0000)
 tenured generation   total 10944K, used 290K [0x29b50000, 0x2a600000, 0x34600000)
   the space 10944K,   2% used [0x29b50000, 0x29b98b58, 0x29b98c00, 0x2a600000)
 compacting perm gen  total 12288K, used 624K [0x34600000, 0x35200000, 0x38600000)
   the space 12288K,   5% used [0x34600000, 0x3469c300, 0x3469c400, 0x35200000)
    ro space 10240K,  44% used [0x38600000, 0x38a7c1d8, 0x38a7c200, 0x39000000)
    rw space 12288K,  52% used [0x39000000, 0x396440c0, 0x39644200, 0x39c00000)
}
Event: 49.548 GC heap before
{Heap before GC invocations=5 (full 0):
 def new generation   total 4928K, used 4416K [0x24600000, 0x24b50000, 0x29b50000)
  eden space 4416K, 100% used [0x24600000, 0x24a50000, 0x24a50000)
  from space 512K,   0% used [0x24ad0000, 0x24ad00f8, 0x24b50000)
  to   space 512K,   0% used [0x24a50000, 0x24a50000, 0x24ad0000)
 tenured generation   total 10944K, used 290K [0x29b50000, 0x2a600000, 0x34600000)
   the space 10944K,   2% used [0x29b50000, 0x29b98b58, 0x29b98c00, 0x2a600000)
 compacting perm gen  total 12288K, used 624K [0x34600000, 0x35200000, 0x38600000)
   the space 12288K,   5% used [0x34600000, 0x3469c300, 0x3469c400, 0x35200000)
    ro space 10240K,  44% used [0x38600000, 0x38a7c1d8, 0x38a7c200, 0x39000000)
    rw space 12288K,  52% used [0x39000000, 0x396440c0, 0x39644200, 0x39c00000)
Event: 49.548 GC heap after
Heap after GC invocations=6 (full 0):
 def new generation   total 4928K, used 0K [0x24600000, 0x24b50000, 0x29b50000)
  eden space 4416K,   0% used [0x24600000, 0x24600000, 0x24a50000)
  from space 512K,   0% used [0x24a50000, 0x24a500b8, 0x24ad0000)
  to   space 512K,   0% used [0x24ad0000, 0x24ad0000, 0x24b50000)
 tenured generation   total 10944K, used 290K [0x29b50000, 0x2a600000, 0x34600000)
   the space 10944K,   2% used [0x29b50000, 0x29b98b58, 0x29b98c00, 0x2a600000)
 compacting perm gen  total 12288K, used 624K [0x34600000, 0x35200000, 0x38600000)
   the space 12288K,   5% used [0x34600000, 0x3469c300, 0x3469c400, 0x35200000)
    ro space 10240K,  44% used [0x38600000, 0x38a7c1d8, 0x38a7c200, 0x39000000)
    rw space 12288K,  52% used [0x39000000, 0x396440c0, 0x39644200, 0x39c00000)
}
Event: 58.376 GC heap before
{Heap before GC invocations=6 (full 0):
 def new generation   total 4928K, used 4416K [0x24600000, 0x24b50000, 0x29b50000)
  eden space 4416K, 100% used [0x24600000, 0x24a50000, 0x24a50000)
  from space 512K,   0% used [0x24a50000, 0x24a500b8, 0x24ad0000)
  to   space 512K,   0% used [0x24ad0000, 0x24ad0000, 0x24b50000)
 tenured generation   total 10944K, used 290K [0x29b50000, 0x2a600000, 0x34600000)
   the space 10944K,   2% used [0x29b50000, 0x29b98b58, 0x29b98c00, 0x2a600000)
 compacting perm gen  total 12288K, used 624K [0x34600000, 0x35200000, 0x38600000)
   the space 12288K,   5% used [0x34600000, 0x3469c310, 0x3469c400, 0x35200000)
    ro space 10240K,  44% used [0x38600000, 0x38a7c1d8, 0x38a7c200, 0x39000000)
    rw space 12288K,  52% used [0x39000000, 0x396440c0, 0x39644200, 0x39c00000)
Event: 58.376 GC heap after
Heap after GC invocations=7 (full 0):
 def new generation   total 4928K, used 1K [0x24600000, 0x24b50000, 0x29b50000)
  eden space 4416K,   0% used [0x24600000, 0x24600000, 0x24a50000)
  from space 512K,   0% used [0x24ad0000, 0x24ad0448, 0x24b50000)
  to   space 512K,   0% used [0x24a50000, 0x24a50000, 0x24ad0000)
 tenured generation   total 10944K, used 290K [0x29b50000, 0x2a600000, 0x34600000)
   the space 10944K,   2% used [0x29b50000, 0x29b98b58, 0x29b98c00, 0x2a600000)
 compacting perm gen  total 12288K, used 624K [0x34600000, 0x35200000, 0x38600000)
   the space 12288K,   5% used [0x34600000, 0x3469c310, 0x3469c400, 0x35200000)
    ro space 10240K,  44% used [0x38600000, 0x38a7c1d8, 0x38a7c200, 0x39000000)
    rw space 12288K,  52% used [0x39000000, 0x396440c0, 0x39644200, 0x39c00000)
}

Deoptimization events (0 events):
No events

Internal exceptions (10 events):
Event: 0.166 Thread 0x00c9cc00 Threw 0x2472a368 at C:\re\jdk7u79\2331\hotspot\src\share\vm\prims\jvm.cpp:1304
Event: 0.168 Thread 0x00c9cc00 Threw 0x247317c8 at C:\re\jdk7u79\2331\hotspot\src\share\vm\prims\jvm.cpp:1304
Event: 3.224 Thread 0x00c9cc00 Threw 0x2473db00 at C:\re\jdk7u79\2331\hotspot\src\share\vm\prims\jvm.cpp:1304
Event: 3.226 Thread 0x00c9cc00 Threw 0x24754770 at C:\re\jdk7u79\2331\hotspot\src\share\vm\prims\jvm.cpp:1304
Event: 3.228 Thread 0x00c9cc00 Threw 0x24757e40 at C:\re\jdk7u79\2331\hotspot\src\share\vm\prims\jvm.cpp:1304
Event: 4.906 Thread 0x00c9cc00 Threw 0x2475d058 at C:\re\jdk7u79\2331\hotspot\src\share\vm\prims\jvm.cpp:1304
Event: 4.907 Thread 0x00c9cc00 Threw 0x24763db0 at C:\re\jdk7u79\2331\hotspot\src\share\vm\prims\jvm.cpp:1304
Event: 4.908 Thread 0x00c9cc00 Threw 0x24767310 at C:\re\jdk7u79\2331\hotspot\src\share\vm\prims\jvm.cpp:1304
Event: 4.908 Thread 0x00c9cc00 Threw 0x24769680 at C:\re\jdk7u79\2331\hotspot\src\share\vm\prims\jvm.cpp:1304
Event: 5.063 Thread 0x00c9cc00 Threw 0x247756a8 at C:\re\jdk7u79\2331\hotspot\src\share\vm\prims\jvm.cpp:1304

Events (10 events):
Event: 25.813 Executing VM operation: GenCollectForAllocation
Event: 25.814 Executing VM operation: GenCollectForAllocation done
Event: 33.595 Executing VM operation: GenCollectForAllocation
Event: 33.595 Executing VM operation: GenCollectForAllocation done
Event: 41.688 Executing VM operation: GenCollectForAllocation
Event: 41.689 Executing VM operation: GenCollectForAllocation done
Event: 49.548 Executing VM operation: GenCollectForAllocation
Event: 49.548 Executing VM operation: GenCollectForAllocation done
Event: 58.376 Executing VM operation: GenCollectForAllocation
Event: 58.376 Executing VM operation: GenCollectForAllocation done


Dynamic libraries:
0x00d80000 - 0x00daf000 	C:\Program Files (x86)\Java\jdk1.7.0_79\bin\java.exe
0x77dd0000 - 0x77f4b000 	C:\WINDOWS\SYSTEM32\ntdll.dll
0x75cc0000 - 0x75da0000 	C:\WINDOWS\SYSTEM32\KERNEL32.DLL
0x75950000 - 0x75ace000 	C:\WINDOWS\SYSTEM32\KERNELBASE.dll
0x74a50000 - 0x74ae2000 	C:\WINDOWS\system32\apphelp.dll
0x75c20000 - 0x75c9b000 	C:\WINDOWS\SYSTEM32\ADVAPI32.dll
0x76790000 - 0x7684e000 	C:\WINDOWS\SYSTEM32\msvcrt.dll
0x75da0000 - 0x75de4000 	C:\WINDOWS\SYSTEM32\sechost.dll
0x74ed0000 - 0x74f7d000 	C:\WINDOWS\SYSTEM32\RPCRT4.dll
0x74b00000 - 0x74b1e000 	C:\WINDOWS\SYSTEM32\SspiCli.dll
0x74af0000 - 0x74afa000 	C:\WINDOWS\SYSTEM32\CRYPTBASE.dll
0x758f0000 - 0x75948000 	C:\WINDOWS\SYSTEM32\bcryptPrimitives.dll
0x75df0000 - 0x75f37000 	C:\WINDOWS\SYSTEM32\USER32.dll
0x75ad0000 - 0x75c1f000 	C:\WINDOWS\SYSTEM32\GDI32.dll
0x73f50000 - 0x7415f000 	C:\WINDOWS\WinSxS\x86_microsoft.windows.common-controls_6595b64144ccf1df_6.0.10586.0_none_d3c2e4e965da4528\COMCTL32.dll
0x74b20000 - 0x74cdd000 	C:\WINDOWS\SYSTEM32\combase.dll
0x76460000 - 0x7648b000 	C:\WINDOWS\SYSTEM32\IMM32.DLL
0x53590000 - 0x5364f000 	C:\Program Files (x86)\Java\jdk1.7.0_79\jre\bin\msvcr100.dll
0x53200000 - 0x53589000 	C:\Program Files (x86)\Java\jdk1.7.0_79\jre\bin\client\jvm.dll
0x76780000 - 0x76786000 	C:\WINDOWS\SYSTEM32\PSAPI.DLL
0x74880000 - 0x74888000 	C:\WINDOWS\SYSTEM32\WSOCK32.dll
0x73b70000 - 0x73b94000 	C:\WINDOWS\SYSTEM32\WINMM.dll
0x75390000 - 0x753ef000 	C:\WINDOWS\SYSTEM32\WS2_32.dll
0x73640000 - 0x73663000 	C:\WINDOWS\SYSTEM32\WINMMBASE.dll
0x76420000 - 0x76457000 	C:\WINDOWS\SYSTEM32\cfgmgr32.dll
0x53670000 - 0x5367c000 	C:\Program Files (x86)\Java\jdk1.7.0_79\jre\bin\verify.dll
0x531e0000 - 0x53200000 	C:\Program Files (x86)\Java\jdk1.7.0_79\jre\bin\java.dll
0x531c0000 - 0x531d3000 	C:\Program Files (x86)\Java\jdk1.7.0_79\jre\bin\zip.dll
0x10000000 - 0x10007000 	C:\Program Files (x86)\JetBrains\IntelliJ IDEA 15.0.4\bin\breakgen.dll
0x53190000 - 0x531a4000 	C:\Program Files (x86)\Java\jdk1.7.0_79\jre\bin\net.dll
0x74a00000 - 0x74a4f000 	C:\WINDOWS\system32\mswsock.dll
0x50ee0000 - 0x51166000 	C:\dev\Java\ExampleBot\bwapi_bridge2_5.dll
0x6acc0000 - 0x6ad27000 	C:\dev\Java\ExampleBot\libgmp-10.dll
0x6f540000 - 0x6f59e000 	C:\dev\Java\ExampleBot\libmpfr-4.dll
0x61ac0000 - 0x61b31000 	C:\WINDOWS\SYSTEM32\MSVCP120.dll
0x61b40000 - 0x61c2e000 	C:\WINDOWS\SYSTEM32\MSVCR120.dll
0x5f690000 - 0x5f7cf000 	C:\WINDOWS\SYSTEM32\dbghelp.dll

VM Arguments:
jvm_args: -Djava.library.path=C:\dev\Java\bwu2-master -Didea.launcher.port=7537 -Didea.launcher.bin.path=C:\Program Files (x86)\JetBrains\IntelliJ IDEA 15.0.4\bin -Dfile.encoding=UTF-8 
java_command: com.intellij.rt.execution.application.AppMain EphBot
Launcher Type: SUN_STANDARD

Environment Variables:
JAVA_HOME=C:\Program Files\Java\jdk1.8.0_51
PATH=C:\Program Files\Python3.4\;C:\Program Files\Python3.4\Scripts;C:\ProgramData\Oracle\Java\javapath;C:\Program Files\Broadcom\Broadcom 802.11;C:\Program Files (x86)\Intel\iCLS Client\;C:\Program Files\Intel\iCLS Client\;C:\Windows\system32;C:\Windows;C:\Windows\System32\Wbem;C:\Windows\System32\WindowsPowerShell\v1.0\;C:\Program Files\Hewlett-Packard\SimplePass\;C:\Program Files\Intel\Intel(R) Management Engine Components\DAL;C:\Program Files (x86)\Intel\Intel(R) Management Engine Components\DAL;C:\Program Files\Intel\Intel(R) Management Engine Components\IPT;C:\Program Files (x86)\Intel\Intel(R) Management Engine Components\IPT;C:\Program Files (x86)\Git;C:\Program Files (x86)\Git\bin;C:\Program Files (x86)\NVIDIA Corporation\PhysX\Common\;C:\Program Files (x86)\gradle-2.7\bin\;C:\Program Files (x86)\groovy-2.4.5\bin\;C:\WINDOWS\system32;C:\WINDOWS;C:\WINDOWS\System32\Wbem;C:\WINDOWS\System32\WindowsPowerShell\v1.0\;C:\WINDOWS\system32\config\systemprofile\.dnx\bin;C:\Program Files\Microsoft DNX\Dnvm\;C:\Program Files\Microsoft SQL Server\120\Tools\Binn\;C:\Program Files (x86)\Skype\Phone\
USERNAME=Tomáš
OS=Windows_NT
PROCESSOR_IDENTIFIER=Intel64 Family 6 Model 61 Stepping 4, GenuineIntel



---------------  S Y S T E M  ---------------

OS: Windows 8.1 , 64 bit Build 9600 

CPU:total 4 (2 cores per cpu, 2 threads per core) family 6 model 61 stepping 4, cmov, cx8, fxsr, mmx, sse, sse2, sse3, ssse3, sse4.1, sse4.2, popcnt, avx, avx2, aes, erms, ht, tsc, tscinvbit

Memory: 4k page, physical 8309008k(3062548k free), swap 15386896k(7867120k free)

vm_info: Java HotSpot(TM) Client VM (24.79-b02) for windows-x86 JRE (1.7.0_79-b15), built on Apr 10 2015 16:49:13 by "java_re" with unknown MS VC++:1600

time: Sun Mar 06 11:57:59 2016
elapsed time: 61 seconds

